// 101Crawlers Banner 1.1.0.RELEASE log opened at 2016-03-31 12:13:52
config --file conf_tutorial.yml --idUser 1 --idCrawl 1
// 101Crawlers Banner 1.1.0.RELEASE log opened at 2016-03-31 12:19:47
// [failed] config --file conf_tutorial.yml --idUser 1 --idCrawl 1
exit
// 101Crawlers Banner 1.1.0.RELEASE log closed at 2016-03-31 12:19:57
// 101Crawlers Banner 1.1.0.RELEASE log opened at 2016-03-31 12:20:30
// [failed] config --file conf_tutorial.yml --idUser 1 --idCrawl 1
// 101Crawlers Banner 1.1.0.RELEASE log opened at 2016-03-31 12:22:17
config --file conf_tutorial.yml --idUser 1 --idCrawl 1
// 101Crawlers Banner 1.1.0.RELEASE log opened at 2016-03-31 12:37:27
config --file conf_tutorial.yml --idUser 1 --idCrawl 1
// 101Crawlers Banner 1.1.0.RELEASE log opened at 2016-03-31 12:40:56
config --file conf_tutorial.yml --idUser 1 --idCrawl 1
// 101Crawlers Banner 1.1.0.RELEASE log opened at 2016-03-31 12:42:25
config --file conf_tutorial.yml --idUser 1 --idCrawl 1
// 101Crawlers Banner 1.1.0.RELEASE log opened at 2016-03-31 12:47:38
config --file conf_tutorial.yml --idUser 1 --idCrawl 1
// 101Crawlers Banner 1.1.0.RELEASE log opened at 2016-03-31 12:56:52
config --file conf_tutorial.yml --idUser 1 --idCrawl 1
// 101Crawlers Banner 1.1.0.RELEASE log opened at 2016-03-31 12:59:05
config --file conf_tutorial.yml --idUser 1 --idCrawl 1
exit
// 101Crawlers Banner 1.1.0.RELEASE log opened at 2016-03-31 13:01:08
config --file conf_tutorial.yml --idUser 1 --idCrawl 1
// 101Crawlers Banner 1.1.0.RELEASE log opened at 2016-03-31 13:02:58
config --file conf_tutorial.yml --idUser 1 --idCrawl 1
// 101Crawlers Banner 1.1.0.RELEASE log opened at 2016-03-31 13:04:46
// [failed] config --file conf_tutorial.yml --idUser 1 --idCrawl 1
// 101Crawlers Banner 1.1.0.RELEASE log opened at 2016-03-31 13:05:58
// [failed] config --file conf_tutorial.yml --idUser 1 --idCrawl 1
// 101Crawlers Banner 1.1.0.RELEASE log opened at 2016-03-31 13:07:00
config --file conf_tutorial.yml --idUser 1 --idCrawl 1
// 101Crawlers Banner 1.1.0.RELEASE log opened at 2016-03-31 13:11:59
config --file conf_tutorial.yml --idUser 1 --idCrawl 1
// 101Crawlers Banner 1.1.0.RELEASE log opened at 2016-03-31 13:13:46
config --file conf_tutorial.yml --idUser 1 --idCrawl 1
// 101Crawlers Banner 1.1.0.RELEASE log opened at 2016-03-31 13:29:43
config --file conf_tutorial.yml --idUser 1 --idCrawl 1
// 101Crawlers Banner 1.1.0.RELEASE log opened at 2016-03-31 13:31:44
config --file conf_tutorial.yml --idUser 1 --idCrawl 1
// 101Crawlers Banner 1.1.0.RELEASE log opened at 2016-03-31 13:34:27
config --file conf_tutorial.yml --idUser 1 --idCrawl 1
// 101Crawlers Banner 1.1.0.RELEASE log opened at 2016-03-31 13:38:15
config --file conf_tutorial.yml --idUser 1 --idCrawl 1
// 101Crawlers Banner 1.1.0.RELEASE log opened at 2016-03-31 13:39:34
config --file conf_tutorial.yml --idUser 1 --idCrawl 1
// 101Crawlers Banner 1.1.0.RELEASE log opened at 2016-03-31 13:43:17
config --file conf_tutorial.yml --idUser 1 --idCrawl 1
// 101Crawlers Banner 1.1.0.RELEASE log opened at 2016-03-31 13:44:16
config --file conf_tutorial.yml --idUser 1 --idCrawl 1
// 101Crawlers Banner 1.1.0.RELEASE log opened at 2016-03-31 13:45:52
config --file conf_tutorial.yml --idUser 1 --idCrawl 1
// 101Crawlers Banner 1.1.0.RELEASE log opened at 2016-03-31 13:47:02
config --file conf_tutorial.yml --idUser 1 --idCrawl 1
// 101Crawlers Banner 1.1.0.RELEASE log opened at 2016-03-31 13:48:46
config --file conf_tutorial.yml --idUser 1 --idCrawl 1
// 101Crawlers Banner 1.1.0.RELEASE log opened at 2016-03-31 13:51:12
config --file conf_tutorial.yml --idUser 1 --idCrawl 1
